<?xml version="1.0" encoding="UTF-8"?>
<testng-results ignored="1" total="4" passed="3" failed="0" skipped="0">
  <reporter-output>
  </reporter-output>
  <suite started-at="2022-09-28T12:28:51 IST" name="Functiondemo by groups" finished-at="2022-09-28T12:28:51 IST" duration-ms="92">
    <groups>
      <group name="ua">
        <method signature="Practise.test03()[pri:1, instance:demodemo.Practise@20f5239f]" name="test03" class="demodemo.Practise"/>
        <method signature="Practise.test04()[pri:0, instance:demodemo.Practise@20f5239f]" name="test04" class="demodemo.Practise"/>
      </group> <!-- ua -->
      <group name="sa">
        <method signature="Practise.test02()[pri:2, instance:demodemo.Practise@20f5239f]" name="test02" class="demodemo.Practise"/>
        <method signature="Practise.test04()[pri:0, instance:demodemo.Practise@20f5239f]" name="test04" class="demodemo.Practise"/>
      </group> <!-- sa -->
    </groups>
    <test started-at="2022-09-28T12:28:51 IST" name="GRP-ua,sa" finished-at="2022-09-28T12:28:51 IST" duration-ms="92">
      <class name="demodemo.Practise">
        <test-method signature="test04()[pri:0, instance:demodemo.Practise@20f5239f]" started-at="2022-09-28T12:28:51 IST" name="test04" finished-at="2022-09-28T12:28:51 IST" duration-ms="19" status="PASS">
          <reporter-output>
          </reporter-output>
        </test-method> <!-- test04 -->
        <test-method signature="test03()[pri:1, instance:demodemo.Practise@20f5239f]" started-at="2022-09-28T12:28:51 IST" name="test03" finished-at="2022-09-28T12:28:51 IST" duration-ms="3" status="PASS">
          <reporter-output>
          </reporter-output>
        </test-method> <!-- test03 -->
        <test-method signature="test02()[pri:2, instance:demodemo.Practise@20f5239f]" started-at="2022-09-28T12:28:51 IST" name="test02" finished-at="2022-09-28T12:28:51 IST" duration-ms="3" status="PASS">
          <reporter-output>
          </reporter-output>
        </test-method> <!-- test02 -->
      </class> <!-- demodemo.Practise -->
    </test> <!-- GRP-ua,sa -->
  </suite> <!-- Functiondemo by groups -->
</testng-results>
