<?xml version="1.0" encoding="UTF-8"?>
<!-- Generated by org.testng.reporters.JUnitXMLReporter -->
<testsuite ignored="2" hostname="Kunal" failures="0" tests="2" name="GRP-regression" time="0.094" errors="0" timestamp="2022-09-12T13:17:08 IST">
  <testcase classname="demodemo.Practise" name="test01" time="0.019"/>
  <testcase classname="demodemo.Practise" name="test02" time="0.002"/>
  <testcase classname="demodemo.Practise" name="test03" time="0.0">
    <ignored/>
  </testcase> <!-- test03 -->
  <testcase classname="demodemo.Practise" name="test04" time="0.0">
    <ignored/>
  </testcase> <!-- test04 -->
</testsuite> <!-- GRP-regression -->
