<?xml version="1.0" encoding="UTF-8"?>
<!-- Generated by org.testng.reporters.JUnitXMLReporter -->
<testsuite ignored="1" hostname="Kunal" failures="0" tests="3" name="GRP-regression,sanity" time="0.094" errors="0" timestamp="2022-09-12T13:17:57 IST">
  <testcase classname="demodemo.Practise" name="test01" time="0.022"/>
  <testcase classname="demodemo.Practise" name="test02" time="0.001"/>
  <testcase classname="demodemo.Practise" name="test03" time="0.002"/>
  <testcase classname="demodemo.Practise" name="test04" time="0.0">
    <ignored/>
  </testcase> <!-- test04 -->
</testsuite> <!-- GRP-regression,sanity -->
