<?xml version="1.0" encoding="UTF-8"?>
<!-- Generated by org.testng.reporters.JUnitXMLReporter -->
<testsuite ignored="3" hostname="Kunal" failures="0" tests="1" name="GRP-uat" time="0.084" errors="0" timestamp="2022-09-12T13:19:28 IST">
  <testcase classname="demodemo.Practise" name="test04" time="0.012"/>
  <testcase classname="demodemo.Practise" name="test01" time="0.0">
    <ignored/>
  </testcase> <!-- test01 -->
  <testcase classname="demodemo.Practise" name="test03" time="0.0">
    <ignored/>
  </testcase> <!-- test03 -->
  <testcase classname="demodemo.Practise" name="test02" time="0.0">
    <ignored/>
  </testcase> <!-- test02 -->
</testsuite> <!-- GRP-uat -->
