<?xml version="1.0" encoding="UTF-8"?>
<!-- Generated by org.testng.reporters.JUnitXMLReporter -->
<testsuite ignored="1" hostname="Kunal" failures="0" tests="3" name="GRP-ua,sa" time="0.092" errors="0" timestamp="2022-09-28T12:28:51 IST">
  <testcase classname="demodemo.Practise" name="test04" time="0.019"/>
  <testcase classname="demodemo.Practise" name="test03" time="0.003"/>
  <testcase classname="demodemo.Practise" name="test02" time="0.003"/>
  <testcase classname="demodemo.Practise" name="test01" time="0.0">
    <ignored/>
  </testcase> <!-- test01 -->
</testsuite> <!-- GRP-ua,sa -->
