<?xml version="1.0" encoding="UTF-8"?>
<!-- Generated by org.testng.reporters.JUnitXMLReporter -->
<testsuite ignored="0" hostname="Kunal" failures="0" tests="4" name="Default test" time="0.191" errors="0" timestamp="2022-09-28T12:25:16 IST">
  <testcase classname="demodemo.Practise" name="test01" time="0.023"/>
  <testcase classname="demodemo.Practise" name="test02" time="0.01"/>
  <testcase classname="demodemo.Practise" name="test03" time="0.003"/>
  <testcase classname="demodemo.Practise" name="test04" time="0.004"/>
</testsuite> <!-- Default test -->
